{
  level: 'error',
  message: 'Error connecting to mongodb:  The `uri` parameter to `openUri()` must be a string, got "undefined". Make sure the first parameter to `mongoose.connect()` or `mongoose.createConnection()` is a string.',
  stack: 'MongooseError: The `uri` parameter to `openUri()` must be a string, got "undefined". Make sure the first parameter to `mongoose.connect()` or `mongoose.createConnection()` is a string.\n' +
    '    at NativeConnection.createClient (C:\\Yasiru_Panduka\\Oxzon_AI\\2025-Jan-6-E-Commerce_Platform_for_Electronics_Selling\\Auth_Branch\\e-commerce-platform\\api\\node_modules\\mongoose\\lib\\drivers\\node-mongodb-native\\connection.js:225:11)\n' +
    '    at NativeConnection.openUri (C:\\Yasiru_Panduka\\Oxzon_AI\\2025-Jan-6-E-Commerce_Platform_for_Electronics_Selling\\Auth_Branch\\e-commerce-platform\\api\\node_modules\\mongoose\\lib\\connection.js:1016:34)\n' +
    '    at Mongoose.connect (C:\\Yasiru_Panduka\\Oxzon_AI\\2025-Jan-6-E-Commerce_Platform_for_Electronics_Selling\\Auth_Branch\\e-commerce-platform\\api\\node_modules\\mongoose\\lib\\mongoose.js:446:15)\n' +
    '    at connectDB (file:///C:/Yasiru_Panduka/Oxzon_AI/2025-Jan-6-E-Commerce_Platform_for_Electronics_Selling/Auth_Branch/e-commerce-platform/api/src/config/db.config.js:6:20)\n' +
    '    at file:///C:/Yasiru_Panduka/Oxzon_AI/2025-Jan-6-E-Commerce_Platform_for_Electronics_Selling/Auth_Branch/e-commerce-platform/api/src/index.js:17:1\n' +
    '    at ModuleJob.run (node:internal/modules/esm/module_job:218:25)\n' +
    '    at async ModuleLoader.import (node:internal/modules/esm/loader:323:24)\n' +
    '    at async loadESM (node:internal/process/esm_loader:28:7)\n' +
    '    at async handleMainPromise (node:internal/modules/run_main:120:12)',
  timestamp: '2025-01-15T12:19:55.924Z'
}
{
  level: 'error',
  message: 'Error connecting to mongodb:  The `uri` parameter to `openUri()` must be a string, got "undefined". Make sure the first parameter to `mongoose.connect()` or `mongoose.createConnection()` is a string.',
  stack: 'MongooseError: The `uri` parameter to `openUri()` must be a string, got "undefined". Make sure the first parameter to `mongoose.connect()` or `mongoose.createConnection()` is a string.\n' +
    '    at NativeConnection.createClient (C:\\Yasiru_Panduka\\Oxzon_AI\\2025-Jan-6-E-Commerce_Platform_for_Electronics_Selling\\Auth_Branch\\e-commerce-platform\\api\\node_modules\\mongoose\\lib\\drivers\\node-mongodb-native\\connection.js:225:11)\n' +
    '    at NativeConnection.openUri (C:\\Yasiru_Panduka\\Oxzon_AI\\2025-Jan-6-E-Commerce_Platform_for_Electronics_Selling\\Auth_Branch\\e-commerce-platform\\api\\node_modules\\mongoose\\lib\\connection.js:1016:34)\n' +
    '    at Mongoose.connect (C:\\Yasiru_Panduka\\Oxzon_AI\\2025-Jan-6-E-Commerce_Platform_for_Electronics_Selling\\Auth_Branch\\e-commerce-platform\\api\\node_modules\\mongoose\\lib\\mongoose.js:446:15)\n' +
    '    at connectDB (file:///C:/Yasiru_Panduka/Oxzon_AI/2025-Jan-6-E-Commerce_Platform_for_Electronics_Selling/Auth_Branch/e-commerce-platform/api/src/config/db.config.js:6:20)\n' +
    '    at file:///C:/Yasiru_Panduka/Oxzon_AI/2025-Jan-6-E-Commerce_Platform_for_Electronics_Selling/Auth_Branch/e-commerce-platform/api/src/index.js:17:1\n' +
    '    at ModuleJob.run (node:internal/modules/esm/module_job:218:25)\n' +
    '    at async ModuleLoader.import (node:internal/modules/esm/loader:323:24)\n' +
    '    at async loadESM (node:internal/process/esm_loader:28:7)\n' +
    '    at async handleMainPromise (node:internal/modules/run_main:120:12)',
  timestamp: '2025-01-15T12:49:22.095Z'
}
{
  level: 'error',
  message: 'Error connecting to mongodb:  The `uri` parameter to `openUri()` must be a string, got "undefined". Make sure the first parameter to `mongoose.connect()` or `mongoose.createConnection()` is a string.',
  stack: 'MongooseError: The `uri` parameter to `openUri()` must be a string, got "undefined". Make sure the first parameter to `mongoose.connect()` or `mongoose.createConnection()` is a string.\n' +
    '    at NativeConnection.createClient (C:\\Yasiru_Panduka\\Oxzon_AI\\2025-Jan-6-E-Commerce_Platform_for_Electronics_Selling\\Auth_Branch\\e-commerce-platform\\api\\node_modules\\mongoose\\lib\\drivers\\node-mongodb-native\\connection.js:225:11)\n' +
    '    at NativeConnection.openUri (C:\\Yasiru_Panduka\\Oxzon_AI\\2025-Jan-6-E-Commerce_Platform_for_Electronics_Selling\\Auth_Branch\\e-commerce-platform\\api\\node_modules\\mongoose\\lib\\connection.js:1016:34)\n' +
    '    at Mongoose.connect (C:\\Yasiru_Panduka\\Oxzon_AI\\2025-Jan-6-E-Commerce_Platform_for_Electronics_Selling\\Auth_Branch\\e-commerce-platform\\api\\node_modules\\mongoose\\lib\\mongoose.js:446:15)\n' +
    '    at connectDB (file:///C:/Yasiru_Panduka/Oxzon_AI/2025-Jan-6-E-Commerce_Platform_for_Electronics_Selling/Auth_Branch/e-commerce-platform/api/src/config/db.config.js:6:20)\n' +
    '    at file:///C:/Yasiru_Panduka/Oxzon_AI/2025-Jan-6-E-Commerce_Platform_for_Electronics_Selling/Auth_Branch/e-commerce-platform/api/src/index.js:17:1\n' +
    '    at ModuleJob.run (node:internal/modules/esm/module_job:218:25)\n' +
    '    at async ModuleLoader.import (node:internal/modules/esm/loader:323:24)\n' +
    '    at async loadESM (node:internal/process/esm_loader:28:7)\n' +
    '    at async handleMainPromise (node:internal/modules/run_main:120:12)',
  timestamp: '2025-01-15T12:50:56.337Z'
}
{
  statusCode: 400,
  level: 'error',
  message: 'Failed captcha verification:  Failed captcha verification',
  stack: 'Error: Failed captcha verification\n' +
    '    at customError (file:///C:/Yasiru_Panduka/Oxzon_AI/2025-Jan-6-E-Commerce_Platform_for_Electronics_Selling/Auth_Branch/e-commerce-platform/api/src/utils/error.util.js:2:17)\n' +
    '    at signup (file:///C:/Yasiru_Panduka/Oxzon_AI/2025-Jan-6-E-Commerce_Platform_for_Electronics_Selling/Auth_Branch/e-commerce-platform/api/src/controllers/auth.controller.js:27:19)\n' +
    '    at process.processTicksAndRejections (node:internal/process/task_queues:95:5)',
  timestamp: '2025-01-16T11:41:14.239Z'
}
{
  statusCode: 401,
  level: 'error',
  message: 'User with email: kaninel558@kurbieh.com attempt signin with wrong password:  Wrong credentials',
  stack: 'Error: Wrong credentials\n' +
    '    at customError (file:///C:/Yasiru_Panduka/Oxzon_AI/2025-Jan-6-E-Commerce_Platform_for_Electronics_Selling/Auth_Branch/e-commerce-platform/api/src/utils/error.util.js:2:17)\n' +
    '    at signin (file:///C:/Yasiru_Panduka/Oxzon_AI/2025-Jan-6-E-Commerce_Platform_for_Electronics_Selling/Auth_Branch/e-commerce-platform/api/src/controllers/auth.controller.js:65:21)',
  timestamp: '2025-01-20T07:41:35.560Z'
}
{
  statusCode: 404,
  level: 'error',
  message: 'User with email test@gg.com not found:  User not found',
  stack: 'Error: User not found\n' +
    '    at customError (file:///C:/Yasiru_Panduka/Oxzon_AI/2025-Jan-6-E-Commerce_Platform_for_Electronics_Selling/Auth_Branch/e-commerce-platform/api/src/utils/error.util.js:2:17)\n' +
    '    at requestPasswordReset (file:///C:/Yasiru_Panduka/Oxzon_AI/2025-Jan-6-E-Commerce_Platform_for_Electronics_Selling/Auth_Branch/e-commerce-platform/api/src/controllers/auth.controller.js:115:21)\n' +
    '    at process.processTicksAndRejections (node:internal/process/task_queues:95:5)',
  timestamp: '2025-01-20T08:38:49.102Z'
}
{
  statusCode: 404,
  level: 'error',
  message: 'User with email test@gg.com not found:  User not found',
  stack: 'Error: User not found\n' +
    '    at customError (file:///C:/Yasiru_Panduka/Oxzon_AI/2025-Jan-6-E-Commerce_Platform_for_Electronics_Selling/Auth_Branch/e-commerce-platform/api/src/utils/error.util.js:2:17)\n' +
    '    at requestPasswordReset (file:///C:/Yasiru_Panduka/Oxzon_AI/2025-Jan-6-E-Commerce_Platform_for_Electronics_Selling/Auth_Branch/e-commerce-platform/api/src/controllers/auth.controller.js:115:21)\n' +
    '    at process.processTicksAndRejections (node:internal/process/task_queues:95:5)',
  timestamp: '2025-01-20T08:39:24.491Z'
}
{
  errorResponse: {
    index: 0,
    code: 11000,
    errmsg: 'E11000 duplicate key error collection: test.users index: email_1 dup key: { email: "kaninel558@kurbieh.com" }',
    keyPattern: { email: 1 },
    keyValue: { email: 'kaninel558@kurbieh.com' }
  },
  index: 0,
  code: 11000,
  keyPattern: { email: 1 },
  keyValue: { email: 'kaninel558@kurbieh.com' },
  level: 'error',
  message: `Couldn't register user:  E11000 duplicate key error collection: test.users index: email_1 dup key: { email: "kaninel558@kurbieh.com" }`,
  stack: 'MongoServerError: E11000 duplicate key error collection: test.users index: email_1 dup key: { email: "kaninel558@kurbieh.com" }\n' +
    '    at InsertOneOperation.execute (C:\\Yasiru_Panduka\\Oxzon_AI\\2025-Jan-6-E-Commerce_Platform_for_Electronics_Selling\\Auth_Branch\\e-commerce-platform\\api\\node_modules\\mongodb\\lib\\operations\\insert.js:51:19)\n' +
    '    at process.processTicksAndRejections (node:internal/process/task_queues:95:5)\n' +
    '    at async tryOperation (C:\\Yasiru_Panduka\\Oxzon_AI\\2025-Jan-6-E-Commerce_Platform_for_Electronics_Selling\\Auth_Branch\\e-commerce-platform\\api\\node_modules\\mongodb\\lib\\operations\\execute_operation.js:203:20)\n' +
    '    at async executeOperation (C:\\Yasiru_Panduka\\Oxzon_AI\\2025-Jan-6-E-Commerce_Platform_for_Electronics_Selling\\Auth_Branch\\e-commerce-platform\\api\\node_modules\\mongodb\\lib\\operations\\execute_operation.js:73:16)\n' +
    '    at async Collection.insertOne (C:\\Yasiru_Panduka\\Oxzon_AI\\2025-Jan-6-E-Commerce_Platform_for_Electronics_Selling\\Auth_Branch\\e-commerce-platform\\api\\node_modules\\mongodb\\lib\\collection.js:157:16)',
  timestamp: '2025-01-20T09:54:35.603Z',
  [Symbol(errorLabels)]: Set(0) {}
}
{
  errorResponse: {
    index: 0,
    code: 11000,
    errmsg: 'E11000 duplicate key error collection: test.users index: email_1 dup key: { email: "kaninel558@kurbieh.com" }',
    keyPattern: { email: 1 },
    keyValue: { email: 'kaninel558@kurbieh.com' }
  },
  index: 0,
  code: 11000,
  keyPattern: { email: 1 },
  keyValue: { email: 'kaninel558@kurbieh.com' },
  level: 'error',
  message: `Couldn't register user:  E11000 duplicate key error collection: test.users index: email_1 dup key: { email: "kaninel558@kurbieh.com" }`,
  stack: 'MongoServerError: E11000 duplicate key error collection: test.users index: email_1 dup key: { email: "kaninel558@kurbieh.com" }\n' +
    '    at InsertOneOperation.execute (C:\\Yasiru_Panduka\\Oxzon_AI\\2025-Jan-6-E-Commerce_Platform_for_Electronics_Selling\\Auth_Branch\\e-commerce-platform\\api\\node_modules\\mongodb\\lib\\operations\\insert.js:51:19)\n' +
    '    at process.processTicksAndRejections (node:internal/process/task_queues:95:5)\n' +
    '    at async tryOperation (C:\\Yasiru_Panduka\\Oxzon_AI\\2025-Jan-6-E-Commerce_Platform_for_Electronics_Selling\\Auth_Branch\\e-commerce-platform\\api\\node_modules\\mongodb\\lib\\operations\\execute_operation.js:203:20)\n' +
    '    at async executeOperation (C:\\Yasiru_Panduka\\Oxzon_AI\\2025-Jan-6-E-Commerce_Platform_for_Electronics_Selling\\Auth_Branch\\e-commerce-platform\\api\\node_modules\\mongodb\\lib\\operations\\execute_operation.js:73:16)\n' +
    '    at async Collection.insertOne (C:\\Yasiru_Panduka\\Oxzon_AI\\2025-Jan-6-E-Commerce_Platform_for_Electronics_Selling\\Auth_Branch\\e-commerce-platform\\api\\node_modules\\mongodb\\lib\\collection.js:157:16)',
  timestamp: '2025-01-20T09:56:05.388Z',
  [Symbol(errorLabels)]: Set(0) {}
}
{
  errorResponse: {
    index: 0,
    code: 11000,
    errmsg: 'E11000 duplicate key error collection: test.users index: email_1 dup key: { email: "kaninel558@kurbieh.com" }',
    keyPattern: { email: 1 },
    keyValue: { email: 'kaninel558@kurbieh.com' }
  },
  index: 0,
  code: 11000,
  keyPattern: { email: 1 },
  keyValue: { email: 'kaninel558@kurbieh.com' },
  level: 'error',
  message: `Couldn't register user:  E11000 duplicate key error collection: test.users index: email_1 dup key: { email: "kaninel558@kurbieh.com" }`,
  stack: 'MongoServerError: E11000 duplicate key error collection: test.users index: email_1 dup key: { email: "kaninel558@kurbieh.com" }\n' +
    '    at InsertOneOperation.execute (C:\\Yasiru_Panduka\\Oxzon_AI\\2025-Jan-6-E-Commerce_Platform_for_Electronics_Selling\\Auth_Branch\\e-commerce-platform\\api\\node_modules\\mongodb\\lib\\operations\\insert.js:51:19)\n' +
    '    at process.processTicksAndRejections (node:internal/process/task_queues:95:5)\n' +
    '    at async tryOperation (C:\\Yasiru_Panduka\\Oxzon_AI\\2025-Jan-6-E-Commerce_Platform_for_Electronics_Selling\\Auth_Branch\\e-commerce-platform\\api\\node_modules\\mongodb\\lib\\operations\\execute_operation.js:203:20)\n' +
    '    at async executeOperation (C:\\Yasiru_Panduka\\Oxzon_AI\\2025-Jan-6-E-Commerce_Platform_for_Electronics_Selling\\Auth_Branch\\e-commerce-platform\\api\\node_modules\\mongodb\\lib\\operations\\execute_operation.js:73:16)\n' +
    '    at async Collection.insertOne (C:\\Yasiru_Panduka\\Oxzon_AI\\2025-Jan-6-E-Commerce_Platform_for_Electronics_Selling\\Auth_Branch\\e-commerce-platform\\api\\node_modules\\mongodb\\lib\\collection.js:157:16)',
  timestamp: '2025-01-20T09:58:21.561Z',
  [Symbol(errorLabels)]: Set(0) {}
}
{
  errorResponse: {
    index: 0,
    code: 11000,
    errmsg: 'E11000 duplicate key error collection: test.users index: email_1 dup key: { email: "kaninel558@kurbieh.com" }',
    keyPattern: { email: 1 },
    keyValue: { email: 'kaninel558@kurbieh.com' }
  },
  index: 0,
  code: 11000,
  keyPattern: { email: 1 },
  keyValue: { email: 'kaninel558@kurbieh.com' },
  level: 'error',
  message: `Couldn't register user:  E11000 duplicate key error collection: test.users index: email_1 dup key: { email: "kaninel558@kurbieh.com" }`,
  stack: 'MongoServerError: E11000 duplicate key error collection: test.users index: email_1 dup key: { email: "kaninel558@kurbieh.com" }\n' +
    '    at InsertOneOperation.execute (C:\\Yasiru_Panduka\\Oxzon_AI\\2025-Jan-6-E-Commerce_Platform_for_Electronics_Selling\\Auth_Branch\\e-commerce-platform\\api\\node_modules\\mongodb\\lib\\operations\\insert.js:51:19)\n' +
    '    at process.processTicksAndRejections (node:internal/process/task_queues:95:5)\n' +
    '    at async tryOperation (C:\\Yasiru_Panduka\\Oxzon_AI\\2025-Jan-6-E-Commerce_Platform_for_Electronics_Selling\\Auth_Branch\\e-commerce-platform\\api\\node_modules\\mongodb\\lib\\operations\\execute_operation.js:203:20)\n' +
    '    at async executeOperation (C:\\Yasiru_Panduka\\Oxzon_AI\\2025-Jan-6-E-Commerce_Platform_for_Electronics_Selling\\Auth_Branch\\e-commerce-platform\\api\\node_modules\\mongodb\\lib\\operations\\execute_operation.js:73:16)\n' +
    '    at async Collection.insertOne (C:\\Yasiru_Panduka\\Oxzon_AI\\2025-Jan-6-E-Commerce_Platform_for_Electronics_Selling\\Auth_Branch\\e-commerce-platform\\api\\node_modules\\mongodb\\lib\\collection.js:157:16)',
  timestamp: '2025-01-20T10:05:36.592Z',
  [Symbol(errorLabels)]: Set(0) {}
}
{
  errorResponse: {
    index: 0,
    code: 11000,
    errmsg: 'E11000 duplicate key error collection: test.users index: email_1 dup key: { email: "bagiw25160@fundapk.com" }',
    keyPattern: { email: 1 },
    keyValue: { email: 'bagiw25160@fundapk.com' }
  },
  index: 0,
  code: 11000,
  keyPattern: { email: 1 },
  keyValue: { email: 'bagiw25160@fundapk.com' },
  level: 'error',
  message: `Couldn't register user:  E11000 duplicate key error collection: test.users index: email_1 dup key: { email: "bagiw25160@fundapk.com" }`,
  stack: 'MongoServerError: E11000 duplicate key error collection: test.users index: email_1 dup key: { email: "bagiw25160@fundapk.com" }\n' +
    '    at InsertOneOperation.execute (C:\\Yasiru_Panduka\\Oxzon_AI\\2025-Jan-6-E-Commerce_Platform_for_Electronics_Selling\\Auth_Branch\\e-commerce-platform\\api\\node_modules\\mongodb\\lib\\operations\\insert.js:51:19)\n' +
    '    at process.processTicksAndRejections (node:internal/process/task_queues:95:5)\n' +
    '    at async tryOperation (C:\\Yasiru_Panduka\\Oxzon_AI\\2025-Jan-6-E-Commerce_Platform_for_Electronics_Selling\\Auth_Branch\\e-commerce-platform\\api\\node_modules\\mongodb\\lib\\operations\\execute_operation.js:203:20)\n' +
    '    at async executeOperation (C:\\Yasiru_Panduka\\Oxzon_AI\\2025-Jan-6-E-Commerce_Platform_for_Electronics_Selling\\Auth_Branch\\e-commerce-platform\\api\\node_modules\\mongodb\\lib\\operations\\execute_operation.js:73:16)\n' +
    '    at async Collection.insertOne (C:\\Yasiru_Panduka\\Oxzon_AI\\2025-Jan-6-E-Commerce_Platform_for_Electronics_Selling\\Auth_Branch\\e-commerce-platform\\api\\node_modules\\mongodb\\lib\\collection.js:157:16)',
  timestamp: '2025-01-20T10:08:45.413Z',
  [Symbol(errorLabels)]: Set(0) {}
}
{
  statusCode: 401,
  level: 'error',
  message: 'User with email: kaninel558@kurbieh.com attempt signin with wrong password:  Wrong credentials',
  stack: 'Error: Wrong credentials\n' +
    '    at customError (file:///C:/Yasiru_Panduka/Oxzon_AI/2025-Jan-6-E-Commerce_Platform_for_Electronics_Selling/Auth_Branch/e-commerce-platform/api/src/utils/error.util.js:2:17)\n' +
    '    at signin (file:///C:/Yasiru_Panduka/Oxzon_AI/2025-Jan-6-E-Commerce_Platform_for_Electronics_Selling/Auth_Branch/e-commerce-platform/api/src/controllers/auth.controller.js:65:21)',
  timestamp: '2025-01-20T10:10:08.504Z'
}
{
  statusCode: 404,
  level: 'error',
  message: 'User with email test@gg.com not found:  User not found',
  stack: 'Error: User not found\n' +
    '    at customError (file:///C:/Yasiru_Panduka/Oxzon_AI/2025-Jan-6-E-Commerce_Platform_for_Electronics_Selling/Auth_Branch/e-commerce-platform/api/src/utils/error.util.js:2:17)\n' +
    '    at requestPasswordReset (file:///C:/Yasiru_Panduka/Oxzon_AI/2025-Jan-6-E-Commerce_Platform_for_Electronics_Selling/Auth_Branch/e-commerce-platform/api/src/controllers/auth.controller.js:115:21)\n' +
    '    at process.processTicksAndRejections (node:internal/process/task_queues:95:5)',
  timestamp: '2025-01-20T10:11:19.090Z'
}
{
  errno: undefined,
  code: 'ECONNREFUSED',
  syscall: 'querySrv',
  hostname: '_mongodb._tcp.ecom.1c7ii.mongodb.net',
  level: 'error',
  message: 'Error connecting to mongodb:  querySrv ECONNREFUSED _mongodb._tcp.ecom.1c7ii.mongodb.net',
  stack: 'Error: querySrv ECONNREFUSED _mongodb._tcp.ecom.1c7ii.mongodb.net\n' +
    '    at QueryReqWrap.onresolve [as oncomplete] (node:internal/dns/promises:275:17)',
  timestamp: '2025-01-21T05:59:10.554Z'
}
